<?xml version="1.0" encoding="UTF-8" ?>
<testsuite errors="0" failures="0" hostname="hissa-G3-3590" name="ReajusteServiceTst" skipped="0" tests="3" time="0.042" timestamp="2021-08-19T19:50:20">
  <properties>
[...]
</properties>
  <testcase classname="ReajusteServiceTst" name="reajusteDeveriaSerDeQuinzePorcentoQuandoDesempenhoForBom" time="0.009" />
  <testcase classname="ReajusteServiceTst" name="reajusteDeveriaSerDeVintePorcentoQuandoDesempenhoForOtimo" time="0.0" />
  <testcase classname="ReajusteServiceTst" name="reajusteDeveriaSerDeTresPorcentoQuandoDesempenhoForADesejar" time="0.0" />
  <system-out><![CDATA[]]></system-out>
  <system-err><![CDATA[]]></system-err>
</testsuite>
